Sun Jun 11 2023 21:41:33 GMT+0600 (Bangladesh Standard Time) 21:41:33 [University Success] info: Mongoose connect successfully
Sun Jun 11 2023 21:41:33 GMT+0600 (Bangladesh Standard Time) 21:41:33 [University Success] info: Server listening on port 5001
[University Success] info: Mongoose connect successfully Sun Jun 11 2023 21:42:13 GMT+0600 (Bangladesh Standard Time) 21:42:13
[University Success] info: Server listening on port 5001 Sun Jun 11 2023 21:42:13 GMT+0600 (Bangladesh Standard Time) 21:42:13
[University Success] info: Mongoose connect successfully Mon Jun 12 2023 17:08:36 GMT+0600 (Bangladesh Standard Time) 17:8:36
[University Success] info: Server listening on port 5001 Mon Jun 12 2023 17:08:36 GMT+0600 (Bangladesh Standard Time) 17:8:36
[University Success] info: Mongoose connect successfully Tue Jun 13 2023 14:22:51 GMT+0600 (Bangladesh Standard Time) 14:22:51
[University Success] info: Server listening on port 5001 Tue Jun 13 2023 14:22:51 GMT+0600 (Bangladesh Standard Time) 14:22:51
[University Success] info: Mongoose connect successfully Tue Jun 13 2023 14:43:56 GMT+0600 (Bangladesh Standard Time) 14:43:56
[University Success] info: Server listening on port 5001 Tue Jun 13 2023 14:43:56 GMT+0600 (Bangladesh Standard Time) 14:43:56
[University Success] info: Mongoose connect successfully Tue Jun 13 2023 14:45:58 GMT+0600 (Bangladesh Standard Time) 14:45:58
[University Success] info: Server listening on port 5001 Tue Jun 13 2023 14:45:58 GMT+0600 (Bangladesh Standard Time) 14:45:58
[University Success] info: Mongoose connect successfully Tue Jun 13 2023 14:46:18 GMT+0600 (Bangladesh Standard Time) 14:46:18
[University Success] info: Server listening on port 5001 Tue Jun 13 2023 14:46:18 GMT+0600 (Bangladesh Standard Time) 14:46:18
[University Success] info: Mongoose connect successfully Tue Jun 13 2023 14:50:00 GMT+0600 (Bangladesh Standard Time) 14:50:0
[University Success] info: Server listening on port 5001 Tue Jun 13 2023 14:50:00 GMT+0600 (Bangladesh Standard Time) 14:50:0
[University Success] info: Mongoose connect successfully Tue Jun 13 2023 14:55:52 GMT+0600 (Bangladesh Standard Time) 14:55:52
[University Success] info: Server listening on port 5001 Tue Jun 13 2023 14:55:52 GMT+0600 (Bangladesh Standard Time) 14:55:52
[University Success] info: Mongoose connect successfully Tue Jun 13 2023 14:56:23 GMT+0600 (Bangladesh Standard Time) 14:56:23
[University Success] info: Server listening on port 5001 Tue Jun 13 2023 14:56:23 GMT+0600 (Bangladesh Standard Time) 14:56:23
[University Success] info: Mongoose connect successfully Tue Jun 13 2023 14:57:26 GMT+0600 (Bangladesh Standard Time) 14:57:26
[University Success] info: Server listening on port 5001 Tue Jun 13 2023 14:57:26 GMT+0600 (Bangladesh Standard Time) 14:57:26
[University Success] info: Mongoose connect successfully Tue Jun 13 2023 14:59:16 GMT+0600 (Bangladesh Standard Time) 14:59:16
[University Success] info: Server listening on port 5001 Tue Jun 13 2023 14:59:16 GMT+0600 (Bangladesh Standard Time) 14:59:16
[University Success] info: Mongoose connect successfully Tue Jun 13 2023 15:00:12 GMT+0600 (Bangladesh Standard Time) 15:0:12
[University Success] info: Server listening on port 5001 Tue Jun 13 2023 15:00:12 GMT+0600 (Bangladesh Standard Time) 15:0:12
[University Success] info: Mongoose connect successfully Tue Jun 13 2023 15:01:02 GMT+0600 (Bangladesh Standard Time) 15:1:2
[University Success] info: Server listening on port 5001 Tue Jun 13 2023 15:01:02 GMT+0600 (Bangladesh Standard Time) 15:1:2
[University Success] info: user Tue Jun 13 2023 15:01:11 GMT+0600 (Bangladesh Standard Time) 15:1:11
[University Success] info: Mongoose connect successfully Tue Jun 13 2023 15:03:17 GMT+0600 (Bangladesh Standard Time) 15:3:17
[University Success] info: Server listening on port 5001 Tue Jun 13 2023 15:03:17 GMT+0600 (Bangladesh Standard Time) 15:3:17
[University Success] info: user objct Tue Jun 13 2023 15:03:25 GMT+0600 (Bangladesh Standard Time) 15:3:25
[University Success] info: Mongoose connect successfully Tue Jun 13 2023 15:03:51 GMT+0600 (Bangladesh Standard Time) 15:3:51
[University Success] info: Server listening on port 5001 Tue Jun 13 2023 15:03:51 GMT+0600 (Bangladesh Standard Time) 15:3:51
[University Success] info: Mongoose connect successfully Tue Jun 13 2023 15:04:21 GMT+0600 (Bangladesh Standard Time) 15:4:21
[University Success] info: Server listening on port 5001 Tue Jun 13 2023 15:04:21 GMT+0600 (Bangladesh Standard Time) 15:4:21
[University Success] info: Mongoose connect successfully Tue Jun 13 2023 15:04:34 GMT+0600 (Bangladesh Standard Time) 15:4:34
[University Success] info: Server listening on port 5001 Tue Jun 13 2023 15:04:34 GMT+0600 (Bangladesh Standard Time) 15:4:34
[University Success] info: Mongoose connect successfully Tue Jun 13 2023 15:05:10 GMT+0600 (Bangladesh Standard Time) 15:5:10
[University Success] info: Server listening on port 5001 Tue Jun 13 2023 15:05:10 GMT+0600 (Bangladesh Standard Time) 15:5:10
[University Success] info: Mongoose connect successfully Tue Jun 13 2023 15:05:32 GMT+0600 (Bangladesh Standard Time) 15:5:32
[University Success] info: Server listening on port 5001 Tue Jun 13 2023 15:05:32 GMT+0600 (Bangladesh Standard Time) 15:5:32
[University Success] info: Mongoose connect successfully Wed Jun 14 2023 16:18:59 GMT+0600 (Bangladesh Standard Time) 16:18:59
[University Success] info: Server listening on port 5001 Wed Jun 14 2023 16:18:59 GMT+0600 (Bangladesh Standard Time) 16:18:59
[University Success] info: Mongoose connect successfully Wed Jun 14 2023 16:20:39 GMT+0600 (Bangladesh Standard Time) 16:20:39
[University Success] info: Server listening on port 5001 Wed Jun 14 2023 16:20:39 GMT+0600 (Bangladesh Standard Time) 16:20:39
[University Success] info: Mongoose connect successfully Wed Jun 14 2023 16:26:59 GMT+0600 (Bangladesh Standard Time) 16:26:59
[University Success] info: Server listening on port 5001 Wed Jun 14 2023 16:26:59 GMT+0600 (Bangladesh Standard Time) 16:26:59
